0 verbose cli /usr/bin/node /usr/local/nvm/versions/node/v16.4.0/bin/npm
1 info using npm@8.18.0
2 info using node@v12.22.12
3 timing npm:load:whichnode Completed in 0ms
4 timing config:load:defaults Completed in 3ms
5 timing config:load:file:/usr/local/nvm/versions/node/v16.4.0/lib/node_modules/npm/npmrc Completed in 2ms
6 timing config:load:builtin Completed in 2ms
7 timing config:load:cli Completed in 1ms
8 timing config:load:env Completed in 1ms
9 timing config:load:file:/home/nnqsw123456/LoveTool/.npmrc Completed in 0ms
10 timing config:load:project Completed in 12ms
11 timing config:load:file:/home/nnqsw123456/.npmrc Completed in 0ms
12 timing config:load:user Completed in 0ms
13 timing config:load:file:/usr/etc/npmrc Completed in 0ms
14 timing config:load:global Completed in 0ms
15 timing config:load:validate Completed in 1ms
16 timing config:load:credentials Completed in 0ms
17 timing config:load:setEnvs Completed in 1ms
18 timing config:load Completed in 22ms
19 timing npm:load:configload Completed in 23ms
20 timing npm:load:mkdirpcache Completed in 3ms
21 timing npm:load:mkdirplogs Completed in 1ms
22 verbose title npm i randomstring
23 verbose argv "i" "randomstring"
24 timing npm:load:setTitle Completed in 1ms
25 timing config:load:flatten Completed in 3ms
26 timing npm:load:display Completed in 5ms
27 verbose logfile logs-max:10 dir:/home/nnqsw123456/.npm/_logs
28 verbose logfile /home/nnqsw123456/.npm/_logs/2022-09-05T11_50_08_837Z-debug-0.log
29 timing npm:load:logFile Completed in 4ms
30 timing npm:load:timers Completed in 1ms
31 timing npm:load:configScope Completed in 0ms
32 timing npm:load Completed in 39ms
33 timing arborist:ctor Completed in 1ms
34 silly logfile start cleaning logs, removing 1 files
35 silly logfile done cleaning log files
36 timing idealTree:init Completed in 58ms
37 timing idealTree:userRequests Completed in 4ms
38 silly idealTree buildDeps
39 silly fetch manifest randomstring@^1.2.2
40 timing arborist:ctor Completed in 0ms
41 http fetch GET 200 https://registry.npmjs.org/randomstring 921ms (cache revalidated)
42 silly placeDep ROOT randomstring@1.2.2 REPLACE for:  want: ^1.2.2
43 timing idealTree:#root Completed in 931ms
44 timing idealTree:node_modules/randomstring Completed in 0ms
45 timing idealTree:buildDeps Completed in 932ms
46 timing idealTree:fixDepFlags Completed in 0ms
47 timing idealTree Completed in 997ms
48 timing reify:loadTrees Completed in 998ms
49 timing reify:diffTrees Completed in 2ms
50 silly reify moves {}
51 timing reify:retireShallow Completed in 1ms
52 timing reify:createSparse Completed in 0ms
53 timing reify:loadBundles Completed in 0ms
54 silly audit bulk request {
54 silly audit   ajv: [ '6.12.6' ],
54 silly audit   'array-uniq': [ '1.0.2' ],
54 silly audit   asn1: [ '0.2.6' ],
54 silly audit   'assert-plus': [ '1.0.0' ],
54 silly audit   asynckit: [ '0.4.0' ],
54 silly audit   'aws-sign2': [ '0.7.0' ],
54 silly audit   aws4: [ '1.11.0' ],
54 silly audit   'bcrypt-pbkdf': [ '1.0.2' ],
54 silly audit   caseless: [ '0.12.0' ],
54 silly audit   'combined-stream': [ '1.0.8' ],
54 silly audit   'core-util-is': [ '1.0.2' ],
54 silly audit   dashdash: [ '1.14.1' ],
54 silly audit   'delayed-stream': [ '1.0.0' ],
54 silly audit   'ecc-jsbn': [ '0.1.2' ],
54 silly audit   extend: [ '3.0.2' ],
54 silly audit   extsprintf: [ '1.3.0' ],
54 silly audit   'fake-useragent': [ '1.0.1' ],
54 silly audit   'fast-deep-equal': [ '3.1.3' ],
54 silly audit   'fast-json-stable-stringify': [ '2.1.0' ],
54 silly audit   'forever-agent': [ '0.6.1' ],
54 silly audit   'form-data': [ '2.3.3' ],
54 silly audit   getpass: [ '0.1.7' ],
54 silly audit   'har-schema': [ '2.0.0' ],
54 silly audit   'har-validator': [ '5.1.5' ],
54 silly audit   'http-signature': [ '1.2.0' ],
54 silly audit   'is-typedarray': [ '1.0.0' ],
54 silly audit   isstream: [ '0.1.2' ],
54 silly audit   jsbn: [ '0.1.1' ],
54 silly audit   'json-schema': [ '0.4.0' ],
54 silly audit   'json-schema-traverse': [ '0.4.1' ],
54 silly audit   'json-stringify-safe': [ '5.0.1' ],
54 silly audit   jsprim: [ '1.4.2' ],
54 silly audit   'mime-db': [ '1.52.0' ],
54 silly audit   'mime-types': [ '2.1.35' ],
54 silly audit   'oauth-sign': [ '0.9.0' ],
54 silly audit   'performance-now': [ '2.1.0' ],
54 silly audit   psl: [ '1.9.0' ],
54 silly audit   punycode: [ '2.1.1' ],
54 silly audit   qs: [ '6.5.3' ],
54 silly audit   randombytes: [ '2.0.3' ],
54 silly audit   request: [ '2.88.2' ],
54 silly audit   'safe-buffer': [ '5.2.1' ],
54 silly audit   'safer-buffer': [ '2.1.2' ],
54 silly audit   sshpk: [ '1.17.0' ],
54 silly audit   'tough-cookie': [ '2.5.0' ],
54 silly audit   'tunnel-agent': [ '0.6.0' ],
54 silly audit   tweetnacl: [ '0.14.5' ],
54 silly audit   'uri-js': [ '4.4.1' ],
54 silly audit   uuid: [ '3.4.0' ],
54 silly audit   verror: [ '1.10.0' ],
54 silly audit   randomstring: [ '1.2.2' ]
54 silly audit }
55 timing reify:unpack Completed in 0ms
56 timing reify:unretire Completed in 0ms
57 timing build:queue Completed in 0ms
58 timing build:deps Completed in 0ms
59 timing build Completed in 0ms
60 timing reify:build Completed in 2ms
61 timing reify:trash Completed in 0ms
62 timing reify:save Completed in 16ms
63 http fetch POST 200 https://registry.npmjs.org/-/npm/v1/security/advisories/bulk 261ms
64 timing auditReport:getReport Completed in 264ms
65 silly audit report {}
66 timing auditReport:init Completed in 0ms
67 timing reify:audit Completed in 265ms
68 timing reify Completed in 1279ms
69 timing command:i Completed in 1286ms
70 verbose exit 0
71 timing npm Completed in 1405ms
72 info ok
